#
# There is insufficient memory for the Java Runtime Environment to continue.
# Native memory allocation (mmap) failed to map 134217728 bytes for G1 virtual space
# Possible reasons:
#   The system is out of physical RAM or swap space
#   The process is running with CompressedOops enabled, and the Java Heap may be blocking the growth of the native heap
# Possible solutions:
#   Reduce memory load on the system
#   Increase physical memory or swap space
#   Check if swap backing store is full
#   Decrease Java heap size (-Xmx/-Xms)
#   Decrease number of Java threads
#   Decrease Java thread stack sizes (-Xss)
#   Set larger code cache with -XX:ReservedCodeCacheSize=
#   JVM is running with Unscaled Compressed Oops mode in which the Java heap is
#     placed in the first 4GB address space. The Java Heap base address is the
#     maximum limit for the native heap growth. Please use -XX:HeapBaseMinAddress
#     to set the Java Heap base and to place the Java Heap above 4GB virtual address.
# This output file may be truncated or incomplete.
#
#  Out of Memory Error (os_windows.cpp:3528), pid=13184, tid=14552
#
# JRE version:  (20.0.1+9) (build )
# Java VM: Java HotSpot(TM) 64-Bit Server VM (20.0.1+9-29, mixed mode, sharing, tiered, compressed oops, compressed class ptrs, g1 gc, windows-amd64)
# No core dump will be written. Minidumps are not enabled by default on client versions of Windows
#

---------------  S U M M A R Y ------------

Command Line: -Dfile.encoding=UTF-8 --module-path=C:\Users\user\Documents\NetBeansProjects\Travel Management System\build\classes travel.management.system.Loading

Host: Intel(R) Core(TM) i5-8265U CPU @ 1.60GHz, 8 cores, 7G,  Windows 11 , 64 bit Build 22621 (10.0.22621.2428)
Time: Mon Oct 16 08:30:05 2023 India Standard Time elapsed time: 0.019493 seconds (0d 0h 0m 0s)

---------------  T H R E A D  ---------------

Current thread (0x0000021557934fb0):  JavaThread "Unknown thread" [_thread_in_vm, id=14552, stack(0x000000a465900000,0x000000a465a00000)]

Stack: [0x000000a465900000,0x000000a465a00000]
Native frames: (J=compiled Java code, j=interpreted, Vv=VM code, C=native code)
V  [jvm.dll+0x6bb95a]
V  [jvm.dll+0x8485fa]
V  [jvm.dll+0x84a1f5]
V  [jvm.dll+0x84a8f3]
V  [jvm.dll+0x280b0f]
V  [jvm.dll+0x6b86e9]
V  [jvm.dll+0x6ad2da]
V  [jvm.dll+0x35adf5]
V  [jvm.dll+0x363016]
V  [jvm.dll+0x3b3b3e]
V  [jvm.dll+0x3b3dc5]
V  [jvm.dll+0x32b50a]
V  [jvm.dll+0x32c32b]
V  [jvm.dll+0x8112bf]
V  [jvm.dll+0x3c0d91]
V  [jvm.dll+0x7fcfe3]
V  [jvm.dll+0x44c76f]
V  [jvm.dll+0x44e0e1]
C  [jli.dll+0x5287]
C  [ucrtbase.dll+0x29363]
C  [KERNEL32.DLL+0x1257d]
C  [ntdll.dll+0x5aa78]


---------------  P R O C E S S  ---------------

Threads class SMR info:
_java_thread_list=0x00007ff8228fa098, length=0, elements={
}

Java Threads: ( => current thread )

Other Threads:
  0x0000021557996020 WorkerThread "GC Thread#0" [stack: 0x000000a465a00000,0x000000a465b00000] [id=26508]
  0x00000215579a6dd0 ConcurrentGCThread "G1 Main Marker" [stack: 0x000000a465b00000,0x000000a465c00000] [id=25280]
  0x00000215579a7800 WorkerThread "G1 Conc#0" [stack: 0x000000a465c00000,0x000000a465d00000] [id=25116]

[error occurred during error reporting (printing all threads), id 0xc0000005, EXCEPTION_ACCESS_VIOLATION (0xc0000005) at pc=0x00007ff8220deb47]
VM state: not at safepoint (not fully initialized)

VM Mutex/Monitor currently owned by a thread:  ([mutex/lock_event])
[0x0000021557932090] Heap_lock - owner thread: 0x0000021557934fb0

Heap address: 0x0000000081c00000, size: 2020 MB, Compressed Oops mode: 32-bit

CDS archive(s) mapped at: [0x0000000000000000-0x0000000000000000-0x0000000000000000), size 0, SharedBaseAddress: 0x0000000800000000, ArchiveRelocationMode: 0.
Narrow klass base: 0x0000000000000000, Narrow klass shift: 0, Narrow klass range: 0x0

GC Precious Log:
 CardTable entry size: 512
 Card Set container configuration: InlinePtr #cards 5 size 8 Array Of Cards #cards 12 size 40 Howl #buckets 4 coarsen threshold 1843 Howl Bitmap #cards 512 size 80 coarsen threshold 460 Card regions per heap region 1 cards per card region 2048

Heap:
 garbage-first heap   total 0K, used 0K [0x0000000081c00000, 0x0000000100000000)
  region size 1024K, 0 young (0K), 0 survivors (0K)

[error occurred during error reporting (printing heap information), id 0xc0000005, EXCEPTION_ACCESS_VIOLATION (0xc0000005) at pc=0x00007ff8224b3c59]
GC Heap History (0 events):
No events

Dll operation events (1 events):
Event: 0.014 Loaded shared library C:\Program Files\Java\jdk-20\bin\java.dll

Deoptimization events (0 events):
No events

Classes loaded (0 events):
No events

Classes unloaded (0 events):
No events

Classes redefined (0 events):
No events

Internal exceptions (0 events):
No events

VM Operations (0 events):
No events

Events (0 events):
No events


Dynamic libraries:
0x00007ff7a6710000 - 0x00007ff7a6720000 	C:\Program Files\Java\jdk-20\bin\java.exe
0x00007ff863850000 - 0x00007ff863a67000 	C:\WINDOWS\SYSTEM32\ntdll.dll
0x00007ff862d20000 - 0x00007ff862de4000 	C:\WINDOWS\System32\KERNEL32.DLL
0x00007ff861040000 - 0x00007ff8613e6000 	C:\WINDOWS\System32\KERNELBASE.dll
0x00007ff861490000 - 0x00007ff8615a1000 	C:\WINDOWS\System32\ucrtbase.dll
0x00007ff85b930000 - 0x00007ff85b949000 	C:\Program Files\Java\jdk-20\bin\jli.dll
0x00007ff851cd0000 - 0x00007ff851ceb000 	C:\Program Files\Java\jdk-20\bin\VCRUNTIME140.dll
0x00007ff861720000 - 0x00007ff8617d0000 	C:\WINDOWS\System32\ADVAPI32.dll
0x00007ff8615b0000 - 0x00007ff861657000 	C:\WINDOWS\System32\msvcrt.dll
0x00007ff8618f0000 - 0x00007ff861996000 	C:\WINDOWS\System32\sechost.dll
0x00007ff8636f0000 - 0x00007ff863807000 	C:\WINDOWS\System32\RPCRT4.dll
0x00007ff862a70000 - 0x00007ff862c1d000 	C:\WINDOWS\System32\USER32.dll
0x00007ff849560000 - 0x00007ff8497f3000 	C:\WINDOWS\WinSxS\amd64_microsoft.windows.common-controls_6595b64144ccf1df_6.0.22621.2361_none_2712ced57382f843\COMCTL32.dll
0x00007ff861460000 - 0x00007ff861486000 	C:\WINDOWS\System32\win32u.dll
0x00007ff8619a0000 - 0x00007ff8619c9000 	C:\WINDOWS\System32\GDI32.dll
0x00007ff860ea0000 - 0x00007ff860fb8000 	C:\WINDOWS\System32\gdi32full.dll
0x00007ff860bd0000 - 0x00007ff860c6a000 	C:\WINDOWS\System32\msvcp_win.dll
0x00007ff85a8f0000 - 0x00007ff85a8fa000 	C:\WINDOWS\SYSTEM32\VERSION.dll
0x00007ff8619d0000 - 0x00007ff861a01000 	C:\WINDOWS\System32\IMM32.DLL
0x00007ff8561e0000 - 0x00007ff8561ec000 	C:\Program Files\Java\jdk-20\bin\vcruntime140_1.dll
0x00007ff84e8d0000 - 0x00007ff84e95e000 	C:\Program Files\Java\jdk-20\bin\msvcp140.dll
0x00007ff821da0000 - 0x00007ff822a37000 	C:\Program Files\Java\jdk-20\bin\server\jvm.dll
0x00007ff851cc0000 - 0x00007ff851cc9000 	C:\WINDOWS\SYSTEM32\WSOCK32.dll
0x00007ff85a050000 - 0x00007ff85a084000 	C:\WINDOWS\SYSTEM32\WINMM.dll
0x00007ff863180000 - 0x00007ff8631f1000 	C:\WINDOWS\System32\WS2_32.dll
0x00007ff85fbe0000 - 0x00007ff85fbf8000 	C:\WINDOWS\SYSTEM32\kernel.appcore.dll
0x00007ff851cb0000 - 0x00007ff851cba000 	C:\Program Files\Java\jdk-20\bin\jimage.dll
0x00007ff854900000 - 0x00007ff854b2e000 	C:\WINDOWS\SYSTEM32\DBGHELP.DLL
0x00007ff862df0000 - 0x00007ff86317a000 	C:\WINDOWS\System32\combase.dll
0x00007ff8628c0000 - 0x00007ff862997000 	C:\WINDOWS\System32\OLEAUT32.dll
0x00007ff850450000 - 0x00007ff850482000 	C:\WINDOWS\SYSTEM32\dbgcore.DLL
0x00007ff860fc0000 - 0x00007ff86103a000 	C:\WINDOWS\System32\bcryptPrimitives.dll
0x00007ff84e8a0000 - 0x00007ff84e8c6000 	C:\Program Files\Java\jdk-20\bin\java.dll

dbghelp: loaded successfully - version: 4.0.5 - missing functions: none
symbol engine: initialized successfully - sym options: 0x614 - pdb path: .;C:\Program Files\Java\jdk-20\bin;C:\WINDOWS\SYSTEM32;C:\WINDOWS\WinSxS\amd64_microsoft.windows.common-controls_6595b64144ccf1df_6.0.22621.2361_none_2712ced57382f843;C:\Program Files\Java\jdk-20\bin\server

VM Arguments:
jvm_args: -Dfile.encoding=UTF-8 --module-path=C:\Users\user\Documents\NetBeansProjects\Travel Management System\build\classes 
java_command: travel.management.system.Loading
java_class_path (initial): C:\Users\user\Downloads\mysql-connector-j-8.1.0\mysql-connector-j-8.1.0\mysql-connector-j-8.1.0.jar;C:\Users\user\Documents\NetBeansProjects\Travel Management System\build\classes
Launcher Type: SUN_STANDARD

[Global flags]
     intx CICompilerCount                          = 4                                         {product} {ergonomic}
     uint ConcGCThreads                            = 2                                         {product} {ergonomic}
     uint G1ConcRefinementThreads                  = 8                                         {product} {ergonomic}
   size_t G1HeapRegionSize                         = 1048576                                   {product} {ergonomic}
    uintx GCDrainStackTargetSize                   = 64                                        {product} {ergonomic}
   size_t InitialHeapSize                          = 134217728                                 {product} {ergonomic}
   size_t MarkStackSize                            = 4194304                                   {product} {ergonomic}
   size_t MaxHeapSize                              = 2118123520                                {product} {ergonomic}
   size_t MinHeapDeltaBytes                        = 1048576                                   {product} {ergonomic}
   size_t MinHeapSize                              = 8388608                                   {product} {ergonomic}
    uintx NonNMethodCodeHeapSize                   = 5839372                                {pd product} {ergonomic}
    uintx NonProfiledCodeHeapSize                  = 122909434                              {pd product} {ergonomic}
    uintx ProfiledCodeHeapSize                     = 122909434                              {pd product} {ergonomic}
    uintx ReservedCodeCacheSize                    = 251658240                              {pd product} {ergonomic}
     bool SegmentedCodeCache                       = true                                      {product} {ergonomic}
   size_t SoftMaxHeapSize                          = 2118123520                             {manageable} {ergonomic}
     bool UseCompressedClassPointers               = true                           {product lp64_product} {ergonomic}
     bool UseCompressedOops                        = true                           {product lp64_product} {ergonomic}
     bool UseG1GC                                  = true                                      {product} {ergonomic}
     bool UseLargePagesIndividualAllocation        = false                                  {pd product} {ergonomic}

Logging:
Log output configuration:
 #0: stdout all=warning uptime,level,tags foldmultilines=false
 #1: stderr all=off uptime,level,tags foldmultilines=false

Environment Variables:
JAVA_HOME=C:\Program Files\Java\jdk-20
PATH=C:\Python 3.11\Scripts\;C:\Python 3.11\;C:\Program Files\Common Files\Oracle\Java\javapath;C:\Program Files\Python310\Scripts\;C:\Program Files\Python310\;C:\WINDOWS\system32;C:\WINDOWS;C:\WINDOWS\System32\Wbem;C:\WINDOWS\System32\WindowsPowerShell\v1.0\;C:\WINDOWS\System32\OpenSSH\;C:\Program Files\Python311;C:\Program Files\Java\jdk-20\bin;C:\Program Files\MySQL\MySQL Server 8.0\bin;C:\Program Files\MySQL\MySQL Shell 8.0\bin\;C:\Users\user\AppData\Local\Microsoft\WindowsApps;C:\Program Files\Python311;C:\Users\user\AppData\Local\Programs\Microsoft VS Code\bin
USERNAME=user
OS=Windows_NT
PROCESSOR_IDENTIFIER=Intel64 Family 6 Model 142 Stepping 12, GenuineIntel
TMP=C:\Users\user\AppData\Local\Temp
TEMP=C:\Users\user\AppData\Local\Temp




---------------  S Y S T E M  ---------------

OS:
 Windows 11 , 64 bit Build 22621 (10.0.22621.2428)
OS uptime: 3 days 23:08 hours
Hyper-V role detected

CPU: total 8 (initial active 8) (4 cores per cpu, 2 threads per core) family 6 model 142 stepping 12 microcode 0xf4, cx8, cmov, fxsr, ht, mmx, 3dnowpref, sse, sse2, sse3, ssse3, sse4.1, sse4.2, popcnt, lzcnt, tsc, tscinvbit, avx, avx2, aes, erms, clmul, bmi1, bmi2, adx, fma, vzeroupper, clflush, clflushopt, hv, rdtscp, f16c

Memory: 4k page, system-wide physical 8073M (685M free)
TotalPageFile size 32639M (AvailPageFile size 42M)
current process WorkingSet (physical memory assigned to process): 11M, peak: 11M
current process commit charge ("private bytes"): 60M, peak: 188M

vm_info: Java HotSpot(TM) 64-Bit Server VM (20.0.1+9-29) for windows-amd64 JRE (20.0.1+9-29), built on 2023-03-07T13:56:11Z by "mach5one" with MS VC++ 17.1 (VS2022)

END.
