#
# There is insufficient memory for the Java Runtime Environment to continue.
# Native memory allocation (mmap) failed to map 134217728 bytes for G1 virtual space
# Possible reasons:
#   The system is out of physical RAM or swap space
#   The process is running with CompressedOops enabled, and the Java Heap may be blocking the growth of the native heap
# Possible solutions:
#   Reduce memory load on the system
#   Increase physical memory or swap space
#   Check if swap backing store is full
#   Decrease Java heap size (-Xmx/-Xms)
#   Decrease number of Java threads
#   Decrease Java thread stack sizes (-Xss)
#   Set larger code cache with -XX:ReservedCodeCacheSize=
#   JVM is running with Unscaled Compressed Oops mode in which the Java heap is
#     placed in the first 4GB address space. The Java Heap base address is the
#     maximum limit for the native heap growth. Please use -XX:HeapBaseMinAddress
#     to set the Java Heap base and to place the Java Heap above 4GB virtual address.
# This output file may be truncated or incomplete.
#
#  Out of Memory Error (os_windows.cpp:3528), pid=9328, tid=1656
#
# JRE version:  (20.0.1+9) (build )
# Java VM: Java HotSpot(TM) 64-Bit Server VM (20.0.1+9-29, mixed mode, sharing, tiered, compressed oops, compressed class ptrs, g1 gc, windows-amd64)
# No core dump will be written. Minidumps are not enabled by default on client versions of Windows
#

---------------  S U M M A R Y ------------

Command Line: -Dfile.encoding=UTF-8 --module-path=C:\Users\user\Documents\NetBeansProjects\Travel Management System\build\classes travel.management.system.Splash

Host: Intel(R) Core(TM) i5-8265U CPU @ 1.60GHz, 8 cores, 7G,  Windows 11 , 64 bit Build 22621 (10.0.22621.2428)
Time: Mon Oct 16 09:18:28 2023 India Standard Time elapsed time: 0.013002 seconds (0d 0h 0m 0s)

---------------  T H R E A D  ---------------

Current thread (0x000002163fe74b80):  JavaThread "Unknown thread" [_thread_in_vm, id=1656, stack(0x0000008baa700000,0x0000008baa800000)]

Stack: [0x0000008baa700000,0x0000008baa800000]
Native frames: (J=compiled Java code, j=interpreted, Vv=VM code, C=native code)
V  [jvm.dll+0x6bb95a]
V  [jvm.dll+0x8485fa]
V  [jvm.dll+0x84a1f5]
V  [jvm.dll+0x84a8f3]
V  [jvm.dll+0x280b0f]
V  [jvm.dll+0x6b86e9]
V  [jvm.dll+0x6ad2da]
V  [jvm.dll+0x35adf5]
V  [jvm.dll+0x363016]
V  [jvm.dll+0x3b3b3e]
V  [jvm.dll+0x3b3dc5]
V  [jvm.dll+0x32b50a]
V  [jvm.dll+0x32c32b]
V  [jvm.dll+0x8112bf]
V  [jvm.dll+0x3c0d91]
V  [jvm.dll+0x7fcfe3]
V  [jvm.dll+0x44c76f]
V  [jvm.dll+0x44e0e1]
C  [jli.dll+0x5287]
C  [ucrtbase.dll+0x29363]
C  [KERNEL32.DLL+0x1257d]
C  [ntdll.dll+0x5aa78]


---------------  P R O C E S S  ---------------

Threads class SMR info:
_java_thread_list=0x00007ff921aea098, length=0, elements={
}

Java Threads: ( => current thread )

Other Threads:
  0x000002163fed5ce0 WorkerThread "GC Thread#0" [stack: 0x0000008baa800000,0x0000008baa900000] [id=3244]
  0x000002163fee68f0 ConcurrentGCThread "G1 Main Marker" [stack: 0x0000008baa900000,0x0000008baaa00000] [id=5272]
  0x000002163fee7320 WorkerThread "G1 Conc#0" [stack: 0x0000008baaa00000,0x0000008baab00000] [id=11732]

[error occurred during error reporting (printing all threads), id 0xc0000005, EXCEPTION_ACCESS_VIOLATION (0xc0000005) at pc=0x00007ff9212ceb47]
VM state: not at safepoint (not fully initialized)

VM Mutex/Monitor currently owned by a thread:  ([mutex/lock_event])
[0x000002163fe70d30] Heap_lock - owner thread: 0x000002163fe74b80

Heap address: 0x0000000081c00000, size: 2020 MB, Compressed Oops mode: 32-bit

CDS archive(s) mapped at: [0x0000000000000000-0x0000000000000000-0x0000000000000000), size 0, SharedBaseAddress: 0x0000000800000000, ArchiveRelocationMode: 0.
Narrow klass base: 0x0000000000000000, Narrow klass shift: 0, Narrow klass range: 0x0

GC Precious Log:
 CardTable entry size: 512
 Card Set container configuration: InlinePtr #cards 5 size 8 Array Of Cards #cards 12 size 40 Howl #buckets 4 coarsen threshold 1843 Howl Bitmap #cards 512 size 80 coarsen threshold 460 Card regions per heap region 1 cards per card region 2048

Heap:
 garbage-first heap   total 0K, used 0K [0x0000000081c00000, 0x0000000100000000)
  region size 1024K, 0 young (0K), 0 survivors (0K)

[error occurred during error reporting (printing heap information), id 0xc0000005, EXCEPTION_ACCESS_VIOLATION (0xc0000005) at pc=0x00007ff9216a3c59]
GC Heap History (0 events):
No events

Dll operation events (1 events):
Event: 0.007 Loaded shared library C:\Program Files\Java\jdk-20\bin\java.dll

Deoptimization events (0 events):
No events

Classes loaded (0 events):
No events

Classes unloaded (0 events):
No events

Classes redefined (0 events):
No events

Internal exceptions (0 events):
No events

VM Operations (0 events):
No events

Events (0 events):
No events


Dynamic libraries:
0x00007ff70fc90000 - 0x00007ff70fca0000 	C:\Program Files\Java\jdk-20\bin\java.exe
0x00007ff9820b0000 - 0x00007ff9822c7000 	C:\WINDOWS\SYSTEM32\ntdll.dll
0x00007ff980c70000 - 0x00007ff980d34000 	C:\WINDOWS\System32\KERNEL32.DLL
0x00007ff97f430000 - 0x00007ff97f7d6000 	C:\WINDOWS\System32\KERNELBASE.dll
0x00007ff97fbb0000 - 0x00007ff97fcc1000 	C:\WINDOWS\System32\ucrtbase.dll
0x00007ff9786e0000 - 0x00007ff9786fb000 	C:\Program Files\Java\jdk-20\bin\VCRUNTIME140.dll
0x00007ff9654e0000 - 0x00007ff9654f9000 	C:\Program Files\Java\jdk-20\bin\jli.dll
0x00007ff980e30000 - 0x00007ff980ee0000 	C:\WINDOWS\System32\ADVAPI32.dll
0x00007ff97ff60000 - 0x00007ff980007000 	C:\WINDOWS\System32\msvcrt.dll
0x00007ff980010000 - 0x00007ff9800b6000 	C:\WINDOWS\System32\sechost.dll
0x00007ff9800e0000 - 0x00007ff9801f7000 	C:\WINDOWS\System32\RPCRT4.dll
0x00007ff981e20000 - 0x00007ff981fcd000 	C:\WINDOWS\System32\USER32.dll
0x00007ff97fa60000 - 0x00007ff97fa86000 	C:\WINDOWS\System32\win32u.dll
0x00007ff9670f0000 - 0x00007ff967383000 	C:\WINDOWS\WinSxS\amd64_microsoft.windows.common-controls_6595b64144ccf1df_6.0.22621.2361_none_2712ced57382f843\COMCTL32.dll
0x00007ff981c50000 - 0x00007ff981c79000 	C:\WINDOWS\System32\GDI32.dll
0x00007ff97fa90000 - 0x00007ff97fba8000 	C:\WINDOWS\System32\gdi32full.dll
0x00007ff97f9c0000 - 0x00007ff97fa5a000 	C:\WINDOWS\System32\msvcp_win.dll
0x00007ff977ab0000 - 0x00007ff977aba000 	C:\WINDOWS\SYSTEM32\VERSION.dll
0x00007ff981d80000 - 0x00007ff981db1000 	C:\WINDOWS\System32\IMM32.DLL
0x00007ff95b590000 - 0x00007ff95b59c000 	C:\Program Files\Java\jdk-20\bin\vcruntime140_1.dll
0x00007ff920c80000 - 0x00007ff920d0e000 	C:\Program Files\Java\jdk-20\bin\msvcp140.dll
0x00007ff920f90000 - 0x00007ff921c27000 	C:\Program Files\Java\jdk-20\bin\server\jvm.dll
0x00007ff9787a0000 - 0x00007ff9787a9000 	C:\WINDOWS\SYSTEM32\WSOCK32.dll
0x00007ff9784e0000 - 0x00007ff978514000 	C:\WINDOWS\SYSTEM32\WINMM.dll
0x00007ff981fd0000 - 0x00007ff982041000 	C:\WINDOWS\System32\WS2_32.dll
0x00007ff97e4c0000 - 0x00007ff97e4d8000 	C:\WINDOWS\SYSTEM32\kernel.appcore.dll
0x00007ff922de0000 - 0x00007ff922dea000 	C:\Program Files\Java\jdk-20\bin\jimage.dll
0x00007ff968320000 - 0x00007ff96854e000 	C:\WINDOWS\SYSTEM32\DBGHELP.DLL
0x00007ff980260000 - 0x00007ff9805ea000 	C:\WINDOWS\System32\combase.dll
0x00007ff980b90000 - 0x00007ff980c67000 	C:\WINDOWS\System32\OLEAUT32.dll
0x00007ff958dc0000 - 0x00007ff958df2000 	C:\WINDOWS\SYSTEM32\dbgcore.DLL
0x00007ff97fd90000 - 0x00007ff97fe0a000 	C:\WINDOWS\System32\bcryptPrimitives.dll
0x00007ff92a060000 - 0x00007ff92a086000 	C:\Program Files\Java\jdk-20\bin\java.dll

dbghelp: loaded successfully - version: 4.0.5 - missing functions: none
symbol engine: initialized successfully - sym options: 0x614 - pdb path: .;C:\Program Files\Java\jdk-20\bin;C:\WINDOWS\SYSTEM32;C:\WINDOWS\WinSxS\amd64_microsoft.windows.common-controls_6595b64144ccf1df_6.0.22621.2361_none_2712ced57382f843;C:\Program Files\Java\jdk-20\bin\server

VM Arguments:
jvm_args: -Dfile.encoding=UTF-8 --module-path=C:\Users\user\Documents\NetBeansProjects\Travel Management System\build\classes 
java_command: travel.management.system.Splash
java_class_path (initial): C:\Users\user\Downloads\mysql-connector-j-8.1.0\mysql-connector-j-8.1.0\mysql-connector-j-8.1.0.jar;C:\Users\user\Documents\NetBeansProjects\Travel Management System\build\classes
Launcher Type: SUN_STANDARD

[Global flags]
     intx CICompilerCount                          = 4                                         {product} {ergonomic}
     uint ConcGCThreads                            = 2                                         {product} {ergonomic}
     uint G1ConcRefinementThreads                  = 8                                         {product} {ergonomic}
   size_t G1HeapRegionSize                         = 1048576                                   {product} {ergonomic}
    uintx GCDrainStackTargetSize                   = 64                                        {product} {ergonomic}
   size_t InitialHeapSize                          = 134217728                                 {product} {ergonomic}
   size_t MarkStackSize                            = 4194304                                   {product} {ergonomic}
   size_t MaxHeapSize                              = 2118123520                                {product} {ergonomic}
   size_t MinHeapDeltaBytes                        = 1048576                                   {product} {ergonomic}
   size_t MinHeapSize                              = 8388608                                   {product} {ergonomic}
    uintx NonNMethodCodeHeapSize                   = 5839372                                {pd product} {ergonomic}
    uintx NonProfiledCodeHeapSize                  = 122909434                              {pd product} {ergonomic}
    uintx ProfiledCodeHeapSize                     = 122909434                              {pd product} {ergonomic}
    uintx ReservedCodeCacheSize                    = 251658240                              {pd product} {ergonomic}
     bool SegmentedCodeCache                       = true                                      {product} {ergonomic}
   size_t SoftMaxHeapSize                          = 2118123520                             {manageable} {ergonomic}
     bool UseCompressedClassPointers               = true                           {product lp64_product} {ergonomic}
     bool UseCompressedOops                        = true                           {product lp64_product} {ergonomic}
     bool UseG1GC                                  = true                                      {product} {ergonomic}
     bool UseLargePagesIndividualAllocation        = false                                  {pd product} {ergonomic}

Logging:
Log output configuration:
 #0: stdout all=warning uptime,level,tags foldmultilines=false
 #1: stderr all=off uptime,level,tags foldmultilines=false

Environment Variables:
JAVA_HOME=C:\Program Files\Java\jdk-20
PATH=C:\Python 3.11\Scripts\;C:\Python 3.11\;C:\Program Files\Common Files\Oracle\Java\javapath;C:\Program Files\Python310\Scripts\;C:\Program Files\Python310\;C:\WINDOWS\system32;C:\WINDOWS;C:\WINDOWS\System32\Wbem;C:\WINDOWS\System32\WindowsPowerShell\v1.0\;C:\WINDOWS\System32\OpenSSH\;C:\Program Files\Python311;C:\Program Files\Java\jdk-20\bin;C:\Program Files\MySQL\MySQL Server 8.0\bin;C:\Program Files\MySQL\MySQL Shell 8.0\bin\;C:\Users\user\AppData\Local\Microsoft\WindowsApps;C:\Program Files\Python311;C:\Users\user\AppData\Local\Programs\Microsoft VS Code\bin
USERNAME=user
OS=Windows_NT
PROCESSOR_IDENTIFIER=Intel64 Family 6 Model 142 Stepping 12, GenuineIntel
TMP=C:\Users\user\AppData\Local\Temp
TEMP=C:\Users\user\AppData\Local\Temp




---------------  S Y S T E M  ---------------

OS:
 Windows 11 , 64 bit Build 22621 (10.0.22621.2428)
OS uptime: 0 days 0:41 hours
Hyper-V role detected

CPU: total 8 (initial active 8) (4 cores per cpu, 2 threads per core) family 6 model 142 stepping 12 microcode 0xf4, cx8, cmov, fxsr, ht, mmx, 3dnowpref, sse, sse2, sse3, ssse3, sse4.1, sse4.2, popcnt, lzcnt, tsc, tscinvbit, avx, avx2, aes, erms, clmul, bmi1, bmi2, adx, fma, vzeroupper, clflush, clflushopt, hv, rdtscp, f16c

Memory: 4k page, system-wide physical 8073M (2675M free)
TotalPageFile size 9978M (AvailPageFile size 130M)
current process WorkingSet (physical memory assigned to process): 11M, peak: 11M
current process commit charge ("private bytes"): 60M, peak: 188M

vm_info: Java HotSpot(TM) 64-Bit Server VM (20.0.1+9-29) for windows-amd64 JRE (20.0.1+9-29), built on 2023-03-07T13:56:11Z by "mach5one" with MS VC++ 17.1 (VS2022)

END.
