#
# There is insufficient memory for the Java Runtime Environment to continue.
# Native memory allocation (mmap) failed to map 65536 bytes for Failed to commit metaspace.
# Possible reasons:
#   The system is out of physical RAM or swap space
#   The process is running with CompressedOops enabled, and the Java Heap may be blocking the growth of the native heap
# Possible solutions:
#   Reduce memory load on the system
#   Increase physical memory or swap space
#   Check if swap backing store is full
#   Decrease Java heap size (-Xmx/-Xms)
#   Decrease number of Java threads
#   Decrease Java thread stack sizes (-Xss)
#   Set larger code cache with -XX:ReservedCodeCacheSize=
#   JVM is running with Unscaled Compressed Oops mode in which the Java heap is
#     placed in the first 4GB address space. The Java Heap base address is the
#     maximum limit for the native heap growth. Please use -XX:HeapBaseMinAddress
#     to set the Java Heap base and to place the Java Heap above 4GB virtual address.
# This output file may be truncated or incomplete.
#
#  Out of Memory Error (virtualSpaceNode.cpp:110), pid=7028, tid=9116
#
# JRE version: Java(TM) SE Runtime Environment (20.0.1+9) (build 20.0.1+9-29)
# Java VM: Java HotSpot(TM) 64-Bit Server VM (20.0.1+9-29, mixed mode, sharing, tiered, compressed oops, compressed class ptrs, g1 gc, windows-amd64)
# No core dump will be written. Minidumps are not enabled by default on client versions of Windows
#

---------------  S U M M A R Y ------------

Command Line: -Dfile.encoding=UTF-8 --module-path=C:\Users\user\Documents\NetBeansProjects\Travel Management System\build\classes travel.management.system.AddCustomer

Host: Intel(R) Core(TM) i5-8265U CPU @ 1.60GHz, 8 cores, 7G,  Windows 11 , 64 bit Build 22621 (10.0.22621.2428)
Time: Mon Oct 16 16:37:23 2023 India Standard Time elapsed time: 0.215526 seconds (0d 0h 0m 0s)

---------------  T H R E A D  ---------------

Current thread (0x0000016b20b54e60):  JavaThread "main" [_thread_in_vm, id=9116, stack(0x00000017eac00000,0x00000017ead00000)]

Stack: [0x00000017eac00000,0x00000017ead00000]
Native frames: (J=compiled Java code, j=interpreted, Vv=VM code, C=native code)
V  [jvm.dll+0x6bb95a]
V  [jvm.dll+0x8485fa]
V  [jvm.dll+0x84a1f5]
V  [jvm.dll+0x84a8f3]
V  [jvm.dll+0x280b0f]
V  [jvm.dll+0x84453b]
V  [jvm.dll+0x65fd86]
V  [jvm.dll+0x65fdea]
V  [jvm.dll+0x6626c3]
V  [jvm.dll+0x66258e]
V  [jvm.dll+0x66079e]
V  [jvm.dll+0x26da71]
V  [jvm.dll+0x21bea7]
V  [jvm.dll+0x211780]
V  [jvm.dll+0x59c26c]
V  [jvm.dll+0x7c3802]
V  [jvm.dll+0x7c376a]
V  [jvm.dll+0x46cb9d]
V  [jvm.dll+0x47f4c6]
C  [java.dll+0x1657]

Java frames: (J=compiled Java code, j=interpreted, Vv=VM code)
j  java.lang.ClassLoader.defineClass0(Ljava/lang/ClassLoader;Ljava/lang/Class;Ljava/lang/String;[BIILjava/security/ProtectionDomain;ZILjava/lang/Object;)Ljava/lang/Class;+0 java.base@20.0.1
j  java.lang.System$2.defineClass(Ljava/lang/ClassLoader;Ljava/lang/Class;Ljava/lang/String;[BLjava/security/ProtectionDomain;ZILjava/lang/Object;)Ljava/lang/Class;+17 java.base@20.0.1
j  java.lang.invoke.MethodHandles$Lookup$ClassDefiner.defineClass(ZLjava/lang/Object;)Ljava/lang/Class;+54 java.base@20.0.1
j  java.lang.invoke.MethodHandles$Lookup$ClassDefiner.defineClassAsLookup(Z)Ljava/lang/invoke/MethodHandles$Lookup;+3 java.base@20.0.1
j  java.lang.invoke.MethodHandles$Lookup.defineHiddenClass([BZ[Ljava/lang/invoke/MethodHandles$Lookup$ClassOption;)Ljava/lang/invoke/MethodHandles$Lookup;+65 java.base@20.0.1
j  java.lang.invoke.InnerClassLambdaMetafactory.generateInnerClass()Ljava/lang/Class;+577 java.base@20.0.1
j  java.lang.invoke.InnerClassLambdaMetafactory.spinInnerClass()Ljava/lang/Class;+114 java.base@20.0.1
j  java.lang.invoke.InnerClassLambdaMetafactory.buildCallSite()Ljava/lang/invoke/CallSite;+1 java.base@20.0.1
j  java.lang.invoke.LambdaMetafactory.metafactory(Ljava/lang/invoke/MethodHandles$Lookup;Ljava/lang/String;Ljava/lang/invoke/MethodType;Ljava/lang/invoke/MethodType;Ljava/lang/invoke/MethodHandle;Ljava/lang/invoke/MethodType;)Ljava/lang/invoke/CallSite;+67 java.base@20.0.1
j  java.lang.invoke.DirectMethodHandle$Holder.invokeStatic(Ljava/lang/Object;Ljava/lang/Object;Ljava/lang/Object;Ljava/lang/Object;Ljava/lang/Object;Ljava/lang/Object;Ljava/lang/Object;)Ljava/lang/Object;+20 java.base@20.0.1
j  java.lang.invoke.Invokers$Holder.invokeExact_MT(Ljava/lang/Object;Ljava/lang/Object;Ljava/lang/Object;Ljava/lang/Object;Ljava/lang/Object;Ljava/lang/Object;Ljava/lang/Object;Ljava/lang/Object;)Ljava/lang/Object;+28 java.base@20.0.1
j  java.lang.invoke.BootstrapMethodInvoker.invoke(Ljava/lang/Class;Ljava/lang/invoke/MethodHandle;Ljava/lang/String;Ljava/lang/Object;Ljava/lang/Object;Ljava/lang/Class;)Ljava/lang/Object;+319 java.base@20.0.1
j  java.lang.invoke.CallSite.makeSite(Ljava/lang/invoke/MethodHandle;Ljava/lang/String;Ljava/lang/invoke/MethodType;Ljava/lang/Object;Ljava/lang/Class;)Ljava/lang/invoke/CallSite;+8 java.base@20.0.1
j  java.lang.invoke.MethodHandleNatives.linkCallSiteImpl(Ljava/lang/Class;Ljava/lang/invoke/MethodHandle;Ljava/lang/String;Ljava/lang/invoke/MethodType;Ljava/lang/Object;[Ljava/lang/Object;)Ljava/lang/invoke/MemberName;+6 java.base@20.0.1
j  java.lang.invoke.MethodHandleNatives.linkCallSite(Ljava/lang/Object;Ljava/lang/Object;Ljava/lang/Object;Ljava/lang/Object;Ljava/lang/Object;[Ljava/lang/Object;)Ljava/lang/invoke/MemberName;+45 java.base@20.0.1
v  ~StubRoutines::call_stub 0x0000016b3014100d
j  javax.swing.plaf.basic.BasicLookAndFeel.initComponentDefaults(Ljavax/swing/UIDefaults;)V+312 java.desktop@20.0.1
j  javax.swing.plaf.metal.MetalLookAndFeel.initComponentDefaults(Ljavax/swing/UIDefaults;)V+2 java.desktop@20.0.1
j  javax.swing.plaf.basic.BasicLookAndFeel.getDefaults()Ljavax/swing/UIDefaults;+25 java.desktop@20.0.1
j  javax.swing.plaf.metal.MetalLookAndFeel.getDefaults()Ljavax/swing/UIDefaults;+9 java.desktop@20.0.1
j  javax.swing.UIManager.setLookAndFeel(Ljavax/swing/LookAndFeel;)V+66 java.desktop@20.0.1
j  javax.swing.UIManager.setLookAndFeel(Ljava/lang/String;)V+16 java.desktop@20.0.1
j  javax.swing.UIManager.initializeDefaultLAF(Ljava/util/Properties;)V+58 java.desktop@20.0.1
j  javax.swing.UIManager.initialize()V+9 java.desktop@20.0.1
j  javax.swing.UIManager.maybeInitialize()V+22 java.desktop@20.0.1
j  javax.swing.UIManager.getUI(Ljavax/swing/JComponent;)Ljavax/swing/plaf/ComponentUI;+0 java.desktop@20.0.1
j  javax.swing.JPanel.updateUI()V+2 java.desktop@20.0.1
j  javax.swing.JPanel.<init>(Ljava/awt/LayoutManager;Z)V+24 java.desktop@20.0.1
j  javax.swing.JPanel.<init>(Z)V+9 java.desktop@20.0.1
j  javax.swing.JPanel.<init>()V+2 java.desktop@20.0.1
j  javax.swing.JRootPane.createGlassPane()Ljava/awt/Component;+4 java.desktop@20.0.1
j  javax.swing.JRootPane.<init>()V+11 java.desktop@20.0.1
j  javax.swing.JFrame.createRootPane()Ljavax/swing/JRootPane;+4 java.desktop@20.0.1
j  javax.swing.JFrame.frameInit()V+16 java.desktop@20.0.1
j  javax.swing.JFrame.<init>()V+20 java.desktop@20.0.1
j  travel.management.system.AddCustomer.<init>()V+1
j  travel.management.system.AddCustomer.main([Ljava/lang/String;)V+4
v  ~StubRoutines::call_stub 0x0000016b3014100d

---------------  P R O C E S S  ---------------

Threads class SMR info:
_java_thread_list=0x0000016b41b617c0, length=15, elements={
0x0000016b20b54e60, 0x0000016b3d4fc860, 0x0000016b3d4fd700, 0x0000016b3d5024d0,
0x0000016b3d5052b0, 0x0000016b3d506080, 0x0000016b3d526b00, 0x0000016b3d52a060,
0x0000016b3d530530, 0x0000016b3d4c97e0, 0x0000016b419b4900, 0x0000016b3d530ac0,
0x0000016b41b294c0, 0x0000016b41b8e5a0, 0x0000016b41b920c0
}

Java Threads: ( => current thread )
=>0x0000016b20b54e60 JavaThread "main" [_thread_in_vm, id=9116, stack(0x00000017eac00000,0x00000017ead00000)]
  0x0000016b3d4fc860 JavaThread "Reference Handler" daemon [_thread_blocked, id=13464, stack(0x00000017eb300000,0x00000017eb400000)]
  0x0000016b3d4fd700 JavaThread "Finalizer" daemon [_thread_blocked, id=5140, stack(0x00000017eb400000,0x00000017eb500000)]
  0x0000016b3d5024d0 JavaThread "Signal Dispatcher" daemon [_thread_blocked, id=3628, stack(0x00000017eb500000,0x00000017eb600000)]
  0x0000016b3d5052b0 JavaThread "Attach Listener" daemon [_thread_blocked, id=13416, stack(0x00000017eb600000,0x00000017eb700000)]
  0x0000016b3d506080 JavaThread "Service Thread" daemon [_thread_blocked, id=3204, stack(0x00000017eb700000,0x00000017eb800000)]
  0x0000016b3d526b00 JavaThread "Monitor Deflation Thread" daemon [_thread_blocked, id=752, stack(0x00000017eb800000,0x00000017eb900000)]
  0x0000016b3d52a060 JavaThread "C2 CompilerThread0" daemon [_thread_blocked, id=6628, stack(0x00000017eb900000,0x00000017eba00000)]
  0x0000016b3d530530 JavaThread "C1 CompilerThread0" daemon [_thread_in_vm, id=15340, stack(0x00000017eba00000,0x00000017ebb00000)]
  0x0000016b3d4c97e0 JavaThread "Common-Cleaner" daemon [_thread_blocked, id=5092, stack(0x00000017ebb00000,0x00000017ebc00000)]
  0x0000016b419b4900 JavaThread "Notification Thread" daemon [_thread_blocked, id=12868, stack(0x00000017ebc00000,0x00000017ebd00000)]
  0x0000016b3d530ac0 JavaThread "C2 CompilerThread1" daemon [_thread_blocked, id=13228, stack(0x00000017ebe00000,0x00000017ebf00000)]
  0x0000016b41b294c0 JavaThread "Java2D Disposer" daemon [_thread_blocked, id=2464, stack(0x00000017ebf00000,0x00000017ec000000)]
  0x0000016b41b8e5a0 JavaThread "AWT-Shutdown" [_thread_blocked, id=9288, stack(0x00000017ec000000,0x00000017ec100000)]
  0x0000016b41b920c0 JavaThread "AWT-Windows" daemon [_thread_in_native, id=6344, stack(0x00000017ec100000,0x00000017ec200000)]

Other Threads:
  0x0000016b3d4deca0 VMThread "VM Thread" [stack: 0x00000017eb200000,0x00000017eb300000] [id=11592]
  0x0000016b419b8e60 WatcherThread "VM Periodic Task Thread" [stack: 0x00000017ebd00000,0x00000017ebe00000] [id=8052]
  0x0000016b20bb6f50 WorkerThread "GC Thread#0" [stack: 0x00000017ead00000,0x00000017eae00000] [id=4408]
  0x0000016b20bc7ae0 ConcurrentGCThread "G1 Main Marker" [stack: 0x00000017eae00000,0x00000017eaf00000] [id=13292]
  0x0000016b20bc86b0 WorkerThread "G1 Conc#0" [stack: 0x00000017eaf00000,0x00000017eb000000] [id=11316]
  0x0000016b20c1ec70 ConcurrentGCThread "G1 Refine#0" [stack: 0x00000017eb000000,0x00000017eb100000] [id=9068]
  0x0000016b3d38c860 ConcurrentGCThread "G1 Service" [stack: 0x00000017eb100000,0x00000017eb200000] [id=2436]

Threads with active compile tasks:
C1 CompilerThread0      229  435       3       jdk.internal.org.objectweb.asm.AnnotationWriter::putAnnotations (67 bytes)

VM state: not at safepoint (normal execution)

VM Mutex/Monitor currently owned by a thread:  ([mutex/lock_event])
[0x0000016b20b4ef70] Metaspace_lock - owner thread: 0x0000016b20b54e60

Heap address: 0x0000000081c00000, size: 2020 MB, Compressed Oops mode: 32-bit

CDS archive(s) mapped at: [0x0000000800000000-0x0000000800c60000-0x0000000800c60000), size 12976128, SharedBaseAddress: 0x0000000800000000, ArchiveRelocationMode: 0.
Compressed class space mapped at: 0x0000000801000000-0x0000000841000000, reserved size: 1073741824
Narrow klass base: 0x0000000800000000, Narrow klass shift: 0, Narrow klass range: 0x100000000

GC Precious Log:
 CardTable entry size: 512
 Card Set container configuration: InlinePtr #cards 5 size 8 Array Of Cards #cards 12 size 40 Howl #buckets 4 coarsen threshold 1843 Howl Bitmap #cards 512 size 80 coarsen threshold 460 Card regions per heap region 1 cards per card region 2048
 CPUs: 8 total, 8 available
 Memory: 8073M
 Large Page Support: Disabled
 NUMA Support: Disabled
 Compressed Oops: Enabled (32-bit)
 Heap Region Size: 1M
 Heap Min Capacity: 8M
 Heap Initial Capacity: 128M
 Heap Max Capacity: 2020M
 Pre-touch: Disabled
 Parallel Workers: 8
 Concurrent Workers: 2
 Concurrent Refinement Workers: 8
 Periodic GC: Disabled

Heap:
 garbage-first heap   total 131072K, used 4096K [0x0000000081c00000, 0x0000000100000000)
  region size 1024K, 5 young (5120K), 0 survivors (0K)
 Metaspace       used 3689K, committed 3840K, reserved 1114112K
  class space    used 364K, committed 448K, reserved 1048576K

Heap Regions: E=young(eden), S=young(survivor), O=old, HS=humongous(starts), HC=humongous(continues), CS=collection set, F=free, OA=open archive, CA=closed archive, TAMS=top-at-mark-start, PB=parsable bottom
|   0|0x0000000081c00000, 0x0000000081c00000, 0x0000000081d00000|  0%| F|  |TAMS 0x0000000081c00000| PB 0x0000000081c00000| Untracked 
|   1|0x0000000081d00000, 0x0000000081d00000, 0x0000000081e00000|  0%| F|  |TAMS 0x0000000081d00000| PB 0x0000000081d00000| Untracked 
|   2|0x0000000081e00000, 0x0000000081e00000, 0x0000000081f00000|  0%| F|  |TAMS 0x0000000081e00000| PB 0x0000000081e00000| Untracked 
|   3|0x0000000081f00000, 0x0000000081f00000, 0x0000000082000000|  0%| F|  |TAMS 0x0000000081f00000| PB 0x0000000081f00000| Untracked 
|   4|0x0000000082000000, 0x0000000082000000, 0x0000000082100000|  0%| F|  |TAMS 0x0000000082000000| PB 0x0000000082000000| Untracked 
|   5|0x0000000082100000, 0x0000000082100000, 0x0000000082200000|  0%| F|  |TAMS 0x0000000082100000| PB 0x0000000082100000| Untracked 
|   6|0x0000000082200000, 0x0000000082200000, 0x0000000082300000|  0%| F|  |TAMS 0x0000000082200000| PB 0x0000000082200000| Untracked 
|   7|0x0000000082300000, 0x0000000082300000, 0x0000000082400000|  0%| F|  |TAMS 0x0000000082300000| PB 0x0000000082300000| Untracked 
|   8|0x0000000082400000, 0x0000000082400000, 0x0000000082500000|  0%| F|  |TAMS 0x0000000082400000| PB 0x0000000082400000| Untracked 
|   9|0x0000000082500000, 0x0000000082500000, 0x0000000082600000|  0%| F|  |TAMS 0x0000000082500000| PB 0x0000000082500000| Untracked 
|  10|0x0000000082600000, 0x0000000082600000, 0x0000000082700000|  0%| F|  |TAMS 0x0000000082600000| PB 0x0000000082600000| Untracked 
|  11|0x0000000082700000, 0x0000000082700000, 0x0000000082800000|  0%| F|  |TAMS 0x0000000082700000| PB 0x0000000082700000| Untracked 
|  12|0x0000000082800000, 0x0000000082800000, 0x0000000082900000|  0%| F|  |TAMS 0x0000000082800000| PB 0x0000000082800000| Untracked 
|  13|0x0000000082900000, 0x0000000082900000, 0x0000000082a00000|  0%| F|  |TAMS 0x0000000082900000| PB 0x0000000082900000| Untracked 
|  14|0x0000000082a00000, 0x0000000082a00000, 0x0000000082b00000|  0%| F|  |TAMS 0x0000000082a00000| PB 0x0000000082a00000| Untracked 
|  15|0x0000000082b00000, 0x0000000082b00000, 0x0000000082c00000|  0%| F|  |TAMS 0x0000000082b00000| PB 0x0000000082b00000| Untracked 
|  16|0x0000000082c00000, 0x0000000082c00000, 0x0000000082d00000|  0%| F|  |TAMS 0x0000000082c00000| PB 0x0000000082c00000| Untracked 
|  17|0x0000000082d00000, 0x0000000082d00000, 0x0000000082e00000|  0%| F|  |TAMS 0x0000000082d00000| PB 0x0000000082d00000| Untracked 
|  18|0x0000000082e00000, 0x0000000082e00000, 0x0000000082f00000|  0%| F|  |TAMS 0x0000000082e00000| PB 0x0000000082e00000| Untracked 
|  19|0x0000000082f00000, 0x0000000082f00000, 0x0000000083000000|  0%| F|  |TAMS 0x0000000082f00000| PB 0x0000000082f00000| Untracked 
|  20|0x0000000083000000, 0x0000000083000000, 0x0000000083100000|  0%| F|  |TAMS 0x0000000083000000| PB 0x0000000083000000| Untracked 
|  21|0x0000000083100000, 0x0000000083100000, 0x0000000083200000|  0%| F|  |TAMS 0x0000000083100000| PB 0x0000000083100000| Untracked 
|  22|0x0000000083200000, 0x0000000083200000, 0x0000000083300000|  0%| F|  |TAMS 0x0000000083200000| PB 0x0000000083200000| Untracked 
|  23|0x0000000083300000, 0x0000000083300000, 0x0000000083400000|  0%| F|  |TAMS 0x0000000083300000| PB 0x0000000083300000| Untracked 
|  24|0x0000000083400000, 0x0000000083400000, 0x0000000083500000|  0%| F|  |TAMS 0x0000000083400000| PB 0x0000000083400000| Untracked 
|  25|0x0000000083500000, 0x0000000083500000, 0x0000000083600000|  0%| F|  |TAMS 0x0000000083500000| PB 0x0000000083500000| Untracked 
|  26|0x0000000083600000, 0x0000000083600000, 0x0000000083700000|  0%| F|  |TAMS 0x0000000083600000| PB 0x0000000083600000| Untracked 
|  27|0x0000000083700000, 0x0000000083700000, 0x0000000083800000|  0%| F|  |TAMS 0x0000000083700000| PB 0x0000000083700000| Untracked 
|  28|0x0000000083800000, 0x0000000083800000, 0x0000000083900000|  0%| F|  |TAMS 0x0000000083800000| PB 0x0000000083800000| Untracked 
|  29|0x0000000083900000, 0x0000000083900000, 0x0000000083a00000|  0%| F|  |TAMS 0x0000000083900000| PB 0x0000000083900000| Untracked 
|  30|0x0000000083a00000, 0x0000000083a00000, 0x0000000083b00000|  0%| F|  |TAMS 0x0000000083a00000| PB 0x0000000083a00000| Untracked 
|  31|0x0000000083b00000, 0x0000000083b00000, 0x0000000083c00000|  0%| F|  |TAMS 0x0000000083b00000| PB 0x0000000083b00000| Untracked 
|  32|0x0000000083c00000, 0x0000000083c00000, 0x0000000083d00000|  0%| F|  |TAMS 0x0000000083c00000| PB 0x0000000083c00000| Untracked 
|  33|0x0000000083d00000, 0x0000000083d00000, 0x0000000083e00000|  0%| F|  |TAMS 0x0000000083d00000| PB 0x0000000083d00000| Untracked 
|  34|0x0000000083e00000, 0x0000000083e00000, 0x0000000083f00000|  0%| F|  |TAMS 0x0000000083e00000| PB 0x0000000083e00000| Untracked 
|  35|0x0000000083f00000, 0x0000000083f00000, 0x0000000084000000|  0%| F|  |TAMS 0x0000000083f00000| PB 0x0000000083f00000| Untracked 
|  36|0x0000000084000000, 0x0000000084000000, 0x0000000084100000|  0%| F|  |TAMS 0x0000000084000000| PB 0x0000000084000000| Untracked 
|  37|0x0000000084100000, 0x0000000084100000, 0x0000000084200000|  0%| F|  |TAMS 0x0000000084100000| PB 0x0000000084100000| Untracked 
|  38|0x0000000084200000, 0x0000000084200000, 0x0000000084300000|  0%| F|  |TAMS 0x0000000084200000| PB 0x0000000084200000| Untracked 
|  39|0x0000000084300000, 0x0000000084300000, 0x0000000084400000|  0%| F|  |TAMS 0x0000000084300000| PB 0x0000000084300000| Untracked 
|  40|0x0000000084400000, 0x0000000084400000, 0x0000000084500000|  0%| F|  |TAMS 0x0000000084400000| PB 0x0000000084400000| Untracked 
|  41|0x0000000084500000, 0x0000000084500000, 0x0000000084600000|  0%| F|  |TAMS 0x0000000084500000| PB 0x0000000084500000| Untracked 
|  42|0x0000000084600000, 0x0000000084600000, 0x0000000084700000|  0%| F|  |TAMS 0x0000000084600000| PB 0x0000000084600000| Untracked 
|  43|0x0000000084700000, 0x0000000084700000, 0x0000000084800000|  0%| F|  |TAMS 0x0000000084700000| PB 0x0000000084700000| Untracked 
|  44|0x0000000084800000, 0x0000000084800000, 0x0000000084900000|  0%| F|  |TAMS 0x0000000084800000| PB 0x0000000084800000| Untracked 
|  45|0x0000000084900000, 0x0000000084900000, 0x0000000084a00000|  0%| F|  |TAMS 0x0000000084900000| PB 0x0000000084900000| Untracked 
|  46|0x0000000084a00000, 0x0000000084a00000, 0x0000000084b00000|  0%| F|  |TAMS 0x0000000084a00000| PB 0x0000000084a00000| Untracked 
|  47|0x0000000084b00000, 0x0000000084b00000, 0x0000000084c00000|  0%| F|  |TAMS 0x0000000084b00000| PB 0x0000000084b00000| Untracked 
|  48|0x0000000084c00000, 0x0000000084c00000, 0x0000000084d00000|  0%| F|  |TAMS 0x0000000084c00000| PB 0x0000000084c00000| Untracked 
|  49|0x0000000084d00000, 0x0000000084d00000, 0x0000000084e00000|  0%| F|  |TAMS 0x0000000084d00000| PB 0x0000000084d00000| Untracked 
|  50|0x0000000084e00000, 0x0000000084e00000, 0x0000000084f00000|  0%| F|  |TAMS 0x0000000084e00000| PB 0x0000000084e00000| Untracked 
|  51|0x0000000084f00000, 0x0000000084f00000, 0x0000000085000000|  0%| F|  |TAMS 0x0000000084f00000| PB 0x0000000084f00000| Untracked 
|  52|0x0000000085000000, 0x0000000085000000, 0x0000000085100000|  0%| F|  |TAMS 0x0000000085000000| PB 0x0000000085000000| Untracked 
|  53|0x0000000085100000, 0x0000000085100000, 0x0000000085200000|  0%| F|  |TAMS 0x0000000085100000| PB 0x0000000085100000| Untracked 
|  54|0x0000000085200000, 0x0000000085200000, 0x0000000085300000|  0%| F|  |TAMS 0x0000000085200000| PB 0x0000000085200000| Untracked 
|  55|0x0000000085300000, 0x0000000085300000, 0x0000000085400000|  0%| F|  |TAMS 0x0000000085300000| PB 0x0000000085300000| Untracked 
|  56|0x0000000085400000, 0x0000000085400000, 0x0000000085500000|  0%| F|  |TAMS 0x0000000085400000| PB 0x0000000085400000| Untracked 
|  57|0x0000000085500000, 0x0000000085500000, 0x0000000085600000|  0%| F|  |TAMS 0x0000000085500000| PB 0x0000000085500000| Untracked 
|  58|0x0000000085600000, 0x0000000085600000, 0x0000000085700000|  0%| F|  |TAMS 0x0000000085600000| PB 0x0000000085600000| Untracked 
|  59|0x0000000085700000, 0x0000000085700000, 0x0000000085800000|  0%| F|  |TAMS 0x0000000085700000| PB 0x0000000085700000| Untracked 
|  60|0x0000000085800000, 0x0000000085800000, 0x0000000085900000|  0%| F|  |TAMS 0x0000000085800000| PB 0x0000000085800000| Untracked 
|  61|0x0000000085900000, 0x0000000085900000, 0x0000000085a00000|  0%| F|  |TAMS 0x0000000085900000| PB 0x0000000085900000| Untracked 
|  62|0x0000000085a00000, 0x0000000085a00000, 0x0000000085b00000|  0%| F|  |TAMS 0x0000000085a00000| PB 0x0000000085a00000| Untracked 
|  63|0x0000000085b00000, 0x0000000085b00000, 0x0000000085c00000|  0%| F|  |TAMS 0x0000000085b00000| PB 0x0000000085b00000| Untracked 
|  64|0x0000000085c00000, 0x0000000085c00000, 0x0000000085d00000|  0%| F|  |TAMS 0x0000000085c00000| PB 0x0000000085c00000| Untracked 
|  65|0x0000000085d00000, 0x0000000085d00000, 0x0000000085e00000|  0%| F|  |TAMS 0x0000000085d00000| PB 0x0000000085d00000| Untracked 
|  66|0x0000000085e00000, 0x0000000085e00000, 0x0000000085f00000|  0%| F|  |TAMS 0x0000000085e00000| PB 0x0000000085e00000| Untracked 
|  67|0x0000000085f00000, 0x0000000085f00000, 0x0000000086000000|  0%| F|  |TAMS 0x0000000085f00000| PB 0x0000000085f00000| Untracked 
|  68|0x0000000086000000, 0x0000000086000000, 0x0000000086100000|  0%| F|  |TAMS 0x0000000086000000| PB 0x0000000086000000| Untracked 
|  69|0x0000000086100000, 0x0000000086100000, 0x0000000086200000|  0%| F|  |TAMS 0x0000000086100000| PB 0x0000000086100000| Untracked 
|  70|0x0000000086200000, 0x0000000086200000, 0x0000000086300000|  0%| F|  |TAMS 0x0000000086200000| PB 0x0000000086200000| Untracked 
|  71|0x0000000086300000, 0x0000000086300000, 0x0000000086400000|  0%| F|  |TAMS 0x0000000086300000| PB 0x0000000086300000| Untracked 
|  72|0x0000000086400000, 0x0000000086400000, 0x0000000086500000|  0%| F|  |TAMS 0x0000000086400000| PB 0x0000000086400000| Untracked 
|  73|0x0000000086500000, 0x0000000086500000, 0x0000000086600000|  0%| F|  |TAMS 0x0000000086500000| PB 0x0000000086500000| Untracked 
|  74|0x0000000086600000, 0x0000000086600000, 0x0000000086700000|  0%| F|  |TAMS 0x0000000086600000| PB 0x0000000086600000| Untracked 
|  75|0x0000000086700000, 0x0000000086700000, 0x0000000086800000|  0%| F|  |TAMS 0x0000000086700000| PB 0x0000000086700000| Untracked 
|  76|0x0000000086800000, 0x0000000086800000, 0x0000000086900000|  0%| F|  |TAMS 0x0000000086800000| PB 0x0000000086800000| Untracked 
|  77|0x0000000086900000, 0x0000000086900000, 0x0000000086a00000|  0%| F|  |TAMS 0x0000000086900000| PB 0x0000000086900000| Untracked 
|  78|0x0000000086a00000, 0x0000000086a00000, 0x0000000086b00000|  0%| F|  |TAMS 0x0000000086a00000| PB 0x0000000086a00000| Untracked 
|  79|0x0000000086b00000, 0x0000000086b00000, 0x0000000086c00000|  0%| F|  |TAMS 0x0000000086b00000| PB 0x0000000086b00000| Untracked 
|  80|0x0000000086c00000, 0x0000000086c00000, 0x0000000086d00000|  0%| F|  |TAMS 0x0000000086c00000| PB 0x0000000086c00000| Untracked 
|  81|0x0000000086d00000, 0x0000000086d00000, 0x0000000086e00000|  0%| F|  |TAMS 0x0000000086d00000| PB 0x0000000086d00000| Untracked 
|  82|0x0000000086e00000, 0x0000000086e00000, 0x0000000086f00000|  0%| F|  |TAMS 0x0000000086e00000| PB 0x0000000086e00000| Untracked 
|  83|0x0000000086f00000, 0x0000000086f00000, 0x0000000087000000|  0%| F|  |TAMS 0x0000000086f00000| PB 0x0000000086f00000| Untracked 
|  84|0x0000000087000000, 0x0000000087000000, 0x0000000087100000|  0%| F|  |TAMS 0x0000000087000000| PB 0x0000000087000000| Untracked 
|  85|0x0000000087100000, 0x0000000087100000, 0x0000000087200000|  0%| F|  |TAMS 0x0000000087100000| PB 0x0000000087100000| Untracked 
|  86|0x0000000087200000, 0x0000000087200000, 0x0000000087300000|  0%| F|  |TAMS 0x0000000087200000| PB 0x0000000087200000| Untracked 
|  87|0x0000000087300000, 0x0000000087300000, 0x0000000087400000|  0%| F|  |TAMS 0x0000000087300000| PB 0x0000000087300000| Untracked 
|  88|0x0000000087400000, 0x0000000087400000, 0x0000000087500000|  0%| F|  |TAMS 0x0000000087400000| PB 0x0000000087400000| Untracked 
|  89|0x0000000087500000, 0x0000000087500000, 0x0000000087600000|  0%| F|  |TAMS 0x0000000087500000| PB 0x0000000087500000| Untracked 
|  90|0x0000000087600000, 0x0000000087600000, 0x0000000087700000|  0%| F|  |TAMS 0x0000000087600000| PB 0x0000000087600000| Untracked 
|  91|0x0000000087700000, 0x0000000087700000, 0x0000000087800000|  0%| F|  |TAMS 0x0000000087700000| PB 0x0000000087700000| Untracked 
|  92|0x0000000087800000, 0x0000000087800000, 0x0000000087900000|  0%| F|  |TAMS 0x0000000087800000| PB 0x0000000087800000| Untracked 
|  93|0x0000000087900000, 0x0000000087900000, 0x0000000087a00000|  0%| F|  |TAMS 0x0000000087900000| PB 0x0000000087900000| Untracked 
|  94|0x0000000087a00000, 0x0000000087a00000, 0x0000000087b00000|  0%| F|  |TAMS 0x0000000087a00000| PB 0x0000000087a00000| Untracked 
|  95|0x0000000087b00000, 0x0000000087b00000, 0x0000000087c00000|  0%| F|  |TAMS 0x0000000087b00000| PB 0x0000000087b00000| Untracked 
|  96|0x0000000087c00000, 0x0000000087c00000, 0x0000000087d00000|  0%| F|  |TAMS 0x0000000087c00000| PB 0x0000000087c00000| Untracked 
|  97|0x0000000087d00000, 0x0000000087d00000, 0x0000000087e00000|  0%| F|  |TAMS 0x0000000087d00000| PB 0x0000000087d00000| Untracked 
|  98|0x0000000087e00000, 0x0000000087e00000, 0x0000000087f00000|  0%| F|  |TAMS 0x0000000087e00000| PB 0x0000000087e00000| Untracked 
|  99|0x0000000087f00000, 0x0000000087f00000, 0x0000000088000000|  0%| F|  |TAMS 0x0000000087f00000| PB 0x0000000087f00000| Untracked 
| 100|0x0000000088000000, 0x0000000088000000, 0x0000000088100000|  0%| F|  |TAMS 0x0000000088000000| PB 0x0000000088000000| Untracked 
| 101|0x0000000088100000, 0x0000000088100000, 0x0000000088200000|  0%| F|  |TAMS 0x0000000088100000| PB 0x0000000088100000| Untracked 
| 102|0x0000000088200000, 0x0000000088200000, 0x0000000088300000|  0%| F|  |TAMS 0x0000000088200000| PB 0x0000000088200000| Untracked 
| 103|0x0000000088300000, 0x0000000088300000, 0x0000000088400000|  0%| F|  |TAMS 0x0000000088300000| PB 0x0000000088300000| Untracked 
| 104|0x0000000088400000, 0x0000000088400000, 0x0000000088500000|  0%| F|  |TAMS 0x0000000088400000| PB 0x0000000088400000| Untracked 
| 105|0x0000000088500000, 0x0000000088500000, 0x0000000088600000|  0%| F|  |TAMS 0x0000000088500000| PB 0x0000000088500000| Untracked 
| 106|0x0000000088600000, 0x0000000088600000, 0x0000000088700000|  0%| F|  |TAMS 0x0000000088600000| PB 0x0000000088600000| Untracked 
| 107|0x0000000088700000, 0x0000000088700000, 0x0000000088800000|  0%| F|  |TAMS 0x0000000088700000| PB 0x0000000088700000| Untracked 
| 108|0x0000000088800000, 0x0000000088800000, 0x0000000088900000|  0%| F|  |TAMS 0x0000000088800000| PB 0x0000000088800000| Untracked 
| 109|0x0000000088900000, 0x0000000088900000, 0x0000000088a00000|  0%| F|  |TAMS 0x0000000088900000| PB 0x0000000088900000| Untracked 
| 110|0x0000000088a00000, 0x0000000088a00000, 0x0000000088b00000|  0%| F|  |TAMS 0x0000000088a00000| PB 0x0000000088a00000| Untracked 
| 111|0x0000000088b00000, 0x0000000088b00000, 0x0000000088c00000|  0%| F|  |TAMS 0x0000000088b00000| PB 0x0000000088b00000| Untracked 
| 112|0x0000000088c00000, 0x0000000088c00000, 0x0000000088d00000|  0%| F|  |TAMS 0x0000000088c00000| PB 0x0000000088c00000| Untracked 
| 113|0x0000000088d00000, 0x0000000088d00000, 0x0000000088e00000|  0%| F|  |TAMS 0x0000000088d00000| PB 0x0000000088d00000| Untracked 
| 114|0x0000000088e00000, 0x0000000088e00000, 0x0000000088f00000|  0%| F|  |TAMS 0x0000000088e00000| PB 0x0000000088e00000| Untracked 
| 115|0x0000000088f00000, 0x0000000088f00000, 0x0000000089000000|  0%| F|  |TAMS 0x0000000088f00000| PB 0x0000000088f00000| Untracked 
| 116|0x0000000089000000, 0x0000000089000000, 0x0000000089100000|  0%| F|  |TAMS 0x0000000089000000| PB 0x0000000089000000| Untracked 
| 117|0x0000000089100000, 0x0000000089100000, 0x0000000089200000|  0%| F|  |TAMS 0x0000000089100000| PB 0x0000000089100000| Untracked 
| 118|0x0000000089200000, 0x0000000089200000, 0x0000000089300000|  0%| F|  |TAMS 0x0000000089200000| PB 0x0000000089200000| Untracked 
| 119|0x0000000089300000, 0x0000000089300000, 0x0000000089400000|  0%| F|  |TAMS 0x0000000089300000| PB 0x0000000089300000| Untracked 
| 120|0x0000000089400000, 0x0000000089400000, 0x0000000089500000|  0%| F|  |TAMS 0x0000000089400000| PB 0x0000000089400000| Untracked 
| 121|0x0000000089500000, 0x0000000089500000, 0x0000000089600000|  0%| F|  |TAMS 0x0000000089500000| PB 0x0000000089500000| Untracked 
| 122|0x0000000089600000, 0x0000000089600000, 0x0000000089700000|  0%| F|  |TAMS 0x0000000089600000| PB 0x0000000089600000| Untracked 
| 123|0x0000000089700000, 0x0000000089776460, 0x0000000089800000| 46%| E|  |TAMS 0x0000000089700000| PB 0x0000000089700000| Complete 
| 124|0x0000000089800000, 0x0000000089900000, 0x0000000089900000|100%| E|CS|TAMS 0x0000000089800000| PB 0x0000000089800000| Complete 
| 125|0x0000000089900000, 0x0000000089a00000, 0x0000000089a00000|100%| E|CS|TAMS 0x0000000089900000| PB 0x0000000089900000| Complete 
| 126|0x0000000089a00000, 0x0000000089b00000, 0x0000000089b00000|100%| E|CS|TAMS 0x0000000089a00000| PB 0x0000000089a00000| Complete 
| 127|0x0000000089b00000, 0x0000000089c00000, 0x0000000089c00000|100%| E|CS|TAMS 0x0000000089b00000| PB 0x0000000089b00000| Complete 

Card table byte_map: [0x0000016b38340000,0x0000016b38740000] _byte_map_base: 0x0000016b37f32000

Marking Bits: (CMBitMap*) 0x0000016b20bb7580
 Bits: [0x0000016b38b40000, 0x0000016b3aad0000)

Polling page: 0x0000016b20320000

Metaspace:

Usage:
  Non-class:      3.25 MB used.
      Class:    364.03 KB used.
       Both:      3.60 MB used.

Virtual space:
  Non-class space:       64.00 MB reserved,       3.31 MB (  5%) committed,  1 nodes.
      Class space:        1.00 GB reserved,     448.00 KB ( <1%) committed,  1 nodes.
             Both:        1.06 GB reserved,       3.75 MB ( <1%) committed. 

Chunk freelists:
   Non-Class:  3.91 MB
       Class:  3.57 MB
        Both:  7.48 MB

MaxMetaspaceSize: unlimited
CompressedClassSpaceSize: 1.00 GB
Initial GC threshold: 21.00 MB
Current GC threshold: 21.00 MB
CDS: on
MetaspaceReclaimPolicy: balanced
 - commit_granule_bytes: 65536.
 - commit_granule_words: 8192.
 - virtual_space_node_default_size: 8388608.
 - enlarge_chunks_in_place: 1.
 - new_chunks_are_fully_committed: 0.
 - uncommit_free_chunks: 1.
 - use_allocation_guard: 0.


Internal statistics:

num_allocs_failed_limit: 0.
num_arena_births: 94.
num_arena_deaths: 0.
num_vsnodes_births: 2.
num_vsnodes_deaths: 0.
num_space_committed: 60.
num_space_uncommitted: 0.
num_chunks_returned_to_freelist: 0.
num_chunks_taken_from_freelist: 113.
num_chunk_merges: 0.
num_chunk_splits: 67.
num_chunks_enlarged: 25.
num_inconsistent_stats: 0.

CodeHeap 'non-profiled nmethods': size=120000Kb used=137Kb max_used=137Kb free=119862Kb
 bounds [0x0000016b306e0000, 0x0000016b30950000, 0x0000016b37c10000]
CodeHeap 'profiled nmethods': size=120000Kb used=566Kb max_used=566Kb free=119433Kb
 bounds [0x0000016b28c10000, 0x0000016b28e80000, 0x0000016b30140000]
CodeHeap 'non-nmethods': size=5760Kb used=1463Kb max_used=1471Kb free=4297Kb
 bounds [0x0000016b30140000, 0x0000016b303b0000, 0x0000016b306e0000]
 total_blobs=930 nmethods=434 adapters=407
 compilation: enabled
              stopped_count=0, restarted_count=0
 full_count=0

Compilation events (20 events):
Event: 0.207 Thread 0x0000016b3d530530 nmethod 424 0x0000016b28c99710 code [0x0000016b28c99920, 0x0000016b28c99e40]
Event: 0.208 Thread 0x0000016b3d530530  425       3       java.util.ImmutableCollections$List12::size (16 bytes)
Event: 0.208 Thread 0x0000016b3d530530 nmethod 425 0x0000016b28c99f10 code [0x0000016b28c9a0a0, 0x0000016b28c9a238]
Event: 0.208 Thread 0x0000016b3d530530  426       3       sun.awt.AppContext::getAppContext (51 bytes)
Event: 0.208 Thread 0x0000016b3d530530 nmethod 426 0x0000016b28c9a310 code [0x0000016b28c9a520, 0x0000016b28c9acf8]
Event: 0.212 Thread 0x0000016b3d530530  427       3       java.lang.StringLatin1::lastIndexOf (40 bytes)
Event: 0.212 Thread 0x0000016b3d530530 nmethod 427 0x0000016b28c9af90 code [0x0000016b28c9b140, 0x0000016b28c9b548]
Event: 0.212 Thread 0x0000016b3d530530  428       3       java.lang.invoke.MethodHandleNatives::refKindIsField (32 bytes)
Event: 0.212 Thread 0x0000016b3d530530 nmethod 428 0x0000016b28c9b690 code [0x0000016b28c9b820, 0x0000016b28c9b978]
Event: 0.213 Thread 0x0000016b3d530530  429       3       java.lang.invoke.MemberName::isMethod (8 bytes)
Event: 0.213 Thread 0x0000016b3d530530 nmethod 429 0x0000016b28c9ba10 code [0x0000016b28c9bba0, 0x0000016b28c9bd78]
Event: 0.213 Thread 0x0000016b3d530530  430       1       jdk.internal.org.objectweb.asm.MethodWriter::hasAsmInstructions (5 bytes)
Event: 0.213 Thread 0x0000016b3d530530 nmethod 430 0x0000016b30702310 code [0x0000016b30702480, 0x0000016b30702550]
Event: 0.213 Thread 0x0000016b3d530530  432       3       java.lang.StringUTF16::compress (50 bytes)
Event: 0.213 Thread 0x0000016b3d530530 nmethod 432 0x0000016b28c9be10 code [0x0000016b28c9bfa0, 0x0000016b28c9c1e8]
Event: 0.213 Thread 0x0000016b3d530530  431       3       jdk.internal.org.objectweb.asm.Handler::getExceptionTableSize (10 bytes)
Event: 0.213 Thread 0x0000016b3d530530 nmethod 431 0x0000016b28c9c390 code [0x0000016b28c9c520, 0x0000016b28c9c720]
Event: 0.214 Thread 0x0000016b3d530530  433       3       java.lang.reflect.Modifier::isPublic (12 bytes)
Event: 0.214 Thread 0x0000016b3d530530 nmethod 433 0x0000016b28c9c810 code [0x0000016b28c9c9a0, 0x0000016b28c9caf0]
Event: 0.214 Thread 0x0000016b3d530530  434       3       java.lang.invoke.MemberName::getInvocationType (56 bytes)

GC Heap History (0 events):
No events

Dll operation events (7 events):
Event: 0.011 Loaded shared library C:\Program Files\Java\jdk-20\bin\java.dll
Event: 0.022 Loaded shared library C:\Program Files\Java\jdk-20\bin\jsvml.dll
Event: 0.072 Loaded shared library C:\Program Files\Java\jdk-20\bin\net.dll
Event: 0.073 Loaded shared library C:\Program Files\Java\jdk-20\bin\nio.dll
Event: 0.092 Loaded shared library C:\Program Files\Java\jdk-20\bin\zip.dll
Event: 0.106 Loaded shared library C:\Program Files\Java\jdk-20\bin\jimage.dll
Event: 0.121 Loaded shared library C:\Program Files\Java\jdk-20\bin\awt.dll

Deoptimization events (4 events):
Event: 0.204 Thread 0x0000016b20b54e60 Uncommon trap: trap_request=0xffffff45 fr.pc=0x0000016b306efc10 relative=0x0000000000000990
Event: 0.204 Thread 0x0000016b20b54e60 Uncommon trap: reason=unstable_if action=reinterpret pc=0x0000016b306efc10 method=java.util.HashMap.putVal(ILjava/lang/Object;Ljava/lang/Object;ZZ)Ljava/lang/Object; @ 236 c2
Event: 0.204 Thread 0x0000016b20b54e60 DEOPT PACKING pc=0x0000016b306efc10 sp=0x00000017eacfe180
Event: 0.204 Thread 0x0000016b20b54e60 DEOPT UNPACKING pc=0x0000016b301a9d22 sp=0x00000017eacfe128 mode 2

Classes loaded (20 events):
Event: 0.211 Loading class javax/swing/plaf/metal/MetalTheme
Event: 0.211 Loading class javax/swing/plaf/metal/MetalTheme done
Event: 0.211 Loading class javax/swing/plaf/metal/DefaultMetalTheme done
Event: 0.211 Loading class javax/swing/plaf/metal/OceanTheme done
Event: 0.211 Loading class javax/swing/plaf/ColorUIResource
Event: 0.211 Loading class javax/swing/plaf/UIResource
Event: 0.211 Loading class javax/swing/plaf/UIResource done
Event: 0.211 Loading class javax/swing/plaf/ColorUIResource done
Event: 0.211 Loading class sun/swing/PrintColorUIResource
Event: 0.211 Loading class sun/swing/PrintColorUIResource done
Event: 0.211 Loading class javax/swing/plaf/metal/DefaultMetalTheme$FontDelegate
Event: 0.211 Loading class javax/swing/plaf/metal/DefaultMetalTheme$FontDelegate done
Event: 0.211 Loading class javax/swing/plaf/FontUIResource
Event: 0.211 Loading class javax/swing/plaf/FontUIResource done
Event: 0.212 Loading class javax/swing/UIDefaults$LazyValue
Event: 0.212 Loading class javax/swing/UIDefaults$LazyValue done
Event: 0.214 Loading class javax/swing/UIDefaults$ActiveValue
Event: 0.214 Loading class javax/swing/UIDefaults$ActiveValue done
Event: 0.214 Loading class javax/swing/plaf/InsetsUIResource
Event: 0.214 Loading class javax/swing/plaf/InsetsUIResource done

Classes unloaded (0 events):
No events

Classes redefined (0 events):
No events

Internal exceptions (8 events):
Event: 0.074 Thread 0x0000016b20b54e60 Exception <a 'sun/nio/fs/WindowsException'{0x0000000089a43ce0}> (0x0000000089a43ce0) 
thrown [s\open\src\hotspot\share\prims\jni.cpp, line 519]
Event: 0.076 Thread 0x0000016b20b54e60 Exception <a 'sun/nio/fs/WindowsException'{0x0000000089a46280}> (0x0000000089a46280) 
thrown [s\open\src\hotspot\share\prims\jni.cpp, line 519]
Event: 0.076 Thread 0x0000016b20b54e60 Exception <a 'sun/nio/fs/WindowsException'{0x0000000089a46d98}> (0x0000000089a46d98) 
thrown [s\open\src\hotspot\share\prims\jni.cpp, line 519]
Event: 0.076 Thread 0x0000016b20b54e60 Exception <a 'sun/nio/fs/WindowsException'{0x0000000089a478b0}> (0x0000000089a478b0) 
thrown [s\open\src\hotspot\share\prims\jni.cpp, line 519]
Event: 0.111 Thread 0x0000016b20b54e60 Exception <a 'java/lang/ClassNotFoundException'{0x0000000089993c50}: sun/awt/resources/spi/awtProvider> (0x0000000089993c50) 
thrown [s\open\src\hotspot\share\classfile\systemDictionary.cpp, line 305]
Event: 0.132 Thread 0x0000016b20b54e60 Exception <a 'java/io/FileNotFoundException'{0x00000000899ea310}> (0x00000000899ea310) 
thrown [s\open\src\hotspot\share\prims\jni.cpp, line 519]
Event: 0.138 Thread 0x0000016b20b54e60 Exception <a 'java/io/FileNotFoundException'{0x00000000898149b8}> (0x00000000898149b8) 
thrown [s\open\src\hotspot\share\prims\jni.cpp, line 519]
Event: 0.207 Thread 0x0000016b20b54e60 Exception <a 'java/lang/NoSuchMethodError'{0x00000000897331b0}: 'void java.lang.invoke.DirectMethodHandle$Holder.invokeSpecial(java.lang.Object, java.lang.Object, java.lang.Object)'> (0x00000000897331b0) 
thrown [s\open\src\hotspot\share\interpreter\linkResolver.cpp, line 773]

VM Operations (2 events):
Event: 0.077 Executing VM operation: HandshakeAllThreads
Event: 0.077 Executing VM operation: HandshakeAllThreads done

Events (15 events):
Event: 0.023 Thread 0x0000016b20b54e60 Thread added: 0x0000016b20b54e60
Event: 0.036 Thread 0x0000016b3d4fc860 Thread added: 0x0000016b3d4fc860
Event: 0.037 Thread 0x0000016b3d4fd700 Thread added: 0x0000016b3d4fd700
Event: 0.037 Thread 0x0000016b3d5024d0 Thread added: 0x0000016b3d5024d0
Event: 0.037 Thread 0x0000016b3d5052b0 Thread added: 0x0000016b3d5052b0
Event: 0.037 Thread 0x0000016b3d506080 Thread added: 0x0000016b3d506080
Event: 0.037 Thread 0x0000016b3d526b00 Thread added: 0x0000016b3d526b00
Event: 0.037 Thread 0x0000016b3d52a060 Thread added: 0x0000016b3d52a060
Event: 0.038 Thread 0x0000016b3d530530 Thread added: 0x0000016b3d530530
Event: 0.060 Thread 0x0000016b3d4c97e0 Thread added: 0x0000016b3d4c97e0
Event: 0.087 Thread 0x0000016b419b4900 Thread added: 0x0000016b419b4900
Event: 0.091 Thread 0x0000016b3d530ac0 Thread added: 0x0000016b3d530ac0
Event: 0.175 Thread 0x0000016b41b294c0 Thread added: 0x0000016b41b294c0
Event: 0.176 Thread 0x0000016b41b8e5a0 Thread added: 0x0000016b41b8e5a0
Event: 0.178 Thread 0x0000016b41b920c0 Thread added: 0x0000016b41b920c0


Dynamic libraries:
0x00007ff68bb30000 - 0x00007ff68bb40000 	C:\Program Files\Java\jdk-20\bin\java.exe
0x00007ff965010000 - 0x00007ff965227000 	C:\WINDOWS\SYSTEM32\ntdll.dll
0x00007ff9643f0000 - 0x00007ff9644b4000 	C:\WINDOWS\System32\KERNEL32.DLL
0x00007ff962920000 - 0x00007ff962cc6000 	C:\WINDOWS\System32\KERNELBASE.dll
0x00007ff962690000 - 0x00007ff9627a1000 	C:\WINDOWS\System32\ucrtbase.dll
0x00007ff94bd10000 - 0x00007ff94bd29000 	C:\Program Files\Java\jdk-20\bin\jli.dll
0x00007ff95d550000 - 0x00007ff95d56b000 	C:\Program Files\Java\jdk-20\bin\VCRUNTIME140.dll
0x00007ff9634c0000 - 0x00007ff963570000 	C:\WINDOWS\System32\ADVAPI32.dll
0x00007ff9631d0000 - 0x00007ff963277000 	C:\WINDOWS\System32\msvcrt.dll
0x00007ff964880000 - 0x00007ff964926000 	C:\WINDOWS\System32\sechost.dll
0x00007ff964930000 - 0x00007ff964a47000 	C:\WINDOWS\System32\RPCRT4.dll
0x00007ff9644c0000 - 0x00007ff96466d000 	C:\WINDOWS\System32\USER32.dll
0x00007ff947fa0000 - 0x00007ff948233000 	C:\WINDOWS\WinSxS\amd64_microsoft.windows.common-controls_6595b64144ccf1df_6.0.22621.2361_none_2712ced57382f843\COMCTL32.dll
0x00007ff9625a0000 - 0x00007ff9625c6000 	C:\WINDOWS\System32\win32u.dll
0x00007ff963280000 - 0x00007ff9632a9000 	C:\WINDOWS\System32\GDI32.dll
0x00007ff962390000 - 0x00007ff9624a8000 	C:\WINDOWS\System32\gdi32full.dll
0x00007ff962cd0000 - 0x00007ff962d6a000 	C:\WINDOWS\System32\msvcp_win.dll
0x00007ff959c30000 - 0x00007ff959c3a000 	C:\WINDOWS\SYSTEM32\VERSION.dll
0x00007ff964770000 - 0x00007ff9647a1000 	C:\WINDOWS\System32\IMM32.DLL
0x00007ff95f2e0000 - 0x00007ff95f2ec000 	C:\Program Files\Java\jdk-20\bin\vcruntime140_1.dll
0x00007ff931050000 - 0x00007ff9310de000 	C:\Program Files\Java\jdk-20\bin\msvcp140.dll
0x00007ff8f0bd0000 - 0x00007ff8f1867000 	C:\Program Files\Java\jdk-20\bin\server\jvm.dll
0x00007ff9590d0000 - 0x00007ff959104000 	C:\WINDOWS\SYSTEM32\WINMM.dll
0x00007ff95f310000 - 0x00007ff95f319000 	C:\WINDOWS\SYSTEM32\WSOCK32.dll
0x00007ff964a70000 - 0x00007ff964ae1000 	C:\WINDOWS\System32\WS2_32.dll
0x00007ff961420000 - 0x00007ff961438000 	C:\WINDOWS\SYSTEM32\kernel.appcore.dll
0x00007ff95d580000 - 0x00007ff95d58a000 	C:\Program Files\Java\jdk-20\bin\jimage.dll
0x00007ff95fa10000 - 0x00007ff95fc3e000 	C:\WINDOWS\SYSTEM32\DBGHELP.DLL
0x00007ff964af0000 - 0x00007ff964e7a000 	C:\WINDOWS\System32\combase.dll
0x00007ff964680000 - 0x00007ff964757000 	C:\WINDOWS\System32\OLEAUT32.dll
0x00007ff93d670000 - 0x00007ff93d6a2000 	C:\WINDOWS\SYSTEM32\dbgcore.DLL
0x00007ff962520000 - 0x00007ff96259a000 	C:\WINDOWS\System32\bcryptPrimitives.dll
0x00007ff94f0b0000 - 0x00007ff94f0d6000 	C:\Program Files\Java\jdk-20\bin\java.dll
0x00007ff94bbf0000 - 0x00007ff94bcc7000 	C:\Program Files\Java\jdk-20\bin\jsvml.dll
0x00007ff963670000 - 0x00007ff963ec8000 	C:\WINDOWS\System32\SHELL32.dll
0x00007ff9602a0000 - 0x00007ff960b92000 	C:\WINDOWS\SYSTEM32\windows.storage.dll
0x00007ff960160000 - 0x00007ff96029e000 	C:\WINDOWS\SYSTEM32\wintypes.dll
0x00007ff962dd0000 - 0x00007ff962ec3000 	C:\WINDOWS\System32\SHCORE.dll
0x00007ff9647b0000 - 0x00007ff96480e000 	C:\WINDOWS\System32\shlwapi.dll
0x00007ff9622c0000 - 0x00007ff9622e6000 	C:\WINDOWS\SYSTEM32\profapi.dll
0x00007ff95d430000 - 0x00007ff95d443000 	C:\Program Files\Java\jdk-20\bin\net.dll
0x00007ff959260000 - 0x00007ff959397000 	C:\WINDOWS\SYSTEM32\WINHTTP.dll
0x00007ff961920000 - 0x00007ff961989000 	C:\WINDOWS\system32\mswsock.dll
0x00007ff95a360000 - 0x00007ff95a376000 	C:\Program Files\Java\jdk-20\bin\nio.dll
0x00007ff94f090000 - 0x00007ff94f0a8000 	C:\Program Files\Java\jdk-20\bin\zip.dll
0x00007ff9299a0000 - 0x00007ff929b31000 	C:\Program Files\Java\jdk-20\bin\awt.dll
0x00007ff95f320000 - 0x00007ff95f3b7000 	C:\WINDOWS\SYSTEM32\apphelp.dll
0x00007ff95f750000 - 0x00007ff95f77b000 	C:\WINDOWS\system32\DWMAPI.DLL
0x00007ff95f4e0000 - 0x00007ff95f58b000 	C:\WINDOWS\system32\uxtheme.dll
0x00007ff93b540000 - 0x00007ff93b640000 	C:\WINDOWS\system32\opengl32.dll
0x00007ff93c990000 - 0x00007ff93c9bd000 	C:\WINDOWS\SYSTEM32\GLU32.dll
0x00007ff95f5f0000 - 0x00007ff95f626000 	C:\WINDOWS\SYSTEM32\dxcore.dll
0x00007ff964e80000 - 0x00007ff964fcc000 	C:\WINDOWS\System32\MSCTF.dll
0x00007ff9632b0000 - 0x00007ff96344f000 	C:\WINDOWS\System32\ole32.dll

dbghelp: loaded successfully - version: 4.0.5 - missing functions: none
symbol engine: initialized successfully - sym options: 0x614 - pdb path: .;C:\Program Files\Java\jdk-20\bin;C:\WINDOWS\SYSTEM32;C:\WINDOWS\WinSxS\amd64_microsoft.windows.common-controls_6595b64144ccf1df_6.0.22621.2361_none_2712ced57382f843;C:\Program Files\Java\jdk-20\bin\server

VM Arguments:
jvm_args: -Dfile.encoding=UTF-8 --module-path=C:\Users\user\Documents\NetBeansProjects\Travel Management System\build\classes 
java_command: travel.management.system.AddCustomer
java_class_path (initial): C:\Users\user\Downloads\mysql-connector-j-8.1.0\mysql-connector-j-8.1.0\mysql-connector-j-8.1.0.jar;C:\Users\user\Documents\NetBeansProjects\Travel Management System\build\classes
Launcher Type: SUN_STANDARD

[Global flags]
     intx CICompilerCount                          = 4                                         {product} {ergonomic}
     uint ConcGCThreads                            = 2                                         {product} {ergonomic}
     uint G1ConcRefinementThreads                  = 8                                         {product} {ergonomic}
   size_t G1HeapRegionSize                         = 1048576                                   {product} {ergonomic}
    uintx GCDrainStackTargetSize                   = 64                                        {product} {ergonomic}
   size_t InitialHeapSize                          = 134217728                                 {product} {ergonomic}
   size_t MarkStackSize                            = 4194304                                   {product} {ergonomic}
   size_t MaxHeapSize                              = 2118123520                                {product} {ergonomic}
   size_t MaxNewSize                               = 1270874112                                {product} {ergonomic}
   size_t MinHeapDeltaBytes                        = 1048576                                   {product} {ergonomic}
   size_t MinHeapSize                              = 8388608                                   {product} {ergonomic}
    uintx NonNMethodCodeHeapSize                   = 5839372                                {pd product} {ergonomic}
    uintx NonProfiledCodeHeapSize                  = 122909434                              {pd product} {ergonomic}
    uintx ProfiledCodeHeapSize                     = 122909434                              {pd product} {ergonomic}
    uintx ReservedCodeCacheSize                    = 251658240                              {pd product} {ergonomic}
     bool SegmentedCodeCache                       = true                                      {product} {ergonomic}
   size_t SoftMaxHeapSize                          = 2118123520                             {manageable} {ergonomic}
     bool UseCompressedClassPointers               = true                           {product lp64_product} {ergonomic}
     bool UseCompressedOops                        = true                           {product lp64_product} {ergonomic}
     bool UseG1GC                                  = true                                      {product} {ergonomic}
     bool UseLargePagesIndividualAllocation        = false                                  {pd product} {ergonomic}

Logging:
Log output configuration:
 #0: stdout all=warning uptime,level,tags foldmultilines=false
 #1: stderr all=off uptime,level,tags foldmultilines=false

Environment Variables:
JAVA_HOME=C:\Program Files\Java\jdk-20
PATH=C:\Python 3.11\Scripts\;C:\Python 3.11\;C:\Program Files\Common Files\Oracle\Java\javapath;C:\Program Files\Python310\Scripts\;C:\Program Files\Python310\;C:\WINDOWS\system32;C:\WINDOWS;C:\WINDOWS\System32\Wbem;C:\WINDOWS\System32\WindowsPowerShell\v1.0\;C:\WINDOWS\System32\OpenSSH\;C:\Program Files\Python311;C:\Program Files\Java\jdk-20\bin;C:\Program Files\MySQL\MySQL Server 8.0\bin;C:\Program Files\MySQL\MySQL Shell 8.0\bin\;C:\Users\user\AppData\Local\Microsoft\WindowsApps;C:\Program Files\Python311;C:\Users\user\AppData\Local\Programs\Microsoft VS Code\bin
USERNAME=user
OS=Windows_NT
PROCESSOR_IDENTIFIER=Intel64 Family 6 Model 142 Stepping 12, GenuineIntel
TMP=C:\Users\user\AppData\Local\Temp
TEMP=C:\Users\user\AppData\Local\Temp




---------------  S Y S T E M  ---------------

OS:
 Windows 11 , 64 bit Build 22621 (10.0.22621.2428)
OS uptime: 0 days 7:14 hours
Hyper-V role detected

CPU: total 8 (initial active 8) (4 cores per cpu, 2 threads per core) family 6 model 142 stepping 12 microcode 0xf4, cx8, cmov, fxsr, ht, mmx, 3dnowpref, sse, sse2, sse3, ssse3, sse4.1, sse4.2, popcnt, lzcnt, tsc, tscinvbit, avx, avx2, aes, erms, clmul, bmi1, bmi2, adx, fma, vzeroupper, clflush, clflushopt, hv, rdtscp, f16c

Memory: 4k page, system-wide physical 8073M (2242M free)
TotalPageFile size 9978M (AvailPageFile size 5M)
current process WorkingSet (physical memory assigned to process): 45M, peak: 45M
current process commit charge ("private bytes"): 215M, peak: 215M

vm_info: Java HotSpot(TM) 64-Bit Server VM (20.0.1+9-29) for windows-amd64 JRE (20.0.1+9-29), built on 2023-03-07T13:56:11Z by "mach5one" with MS VC++ 17.1 (VS2022)

END.
